<?xml version="1.0" encoding="UTF-8"?>
<!-- Generated by org.testng.reporters.JUnitXMLReporter -->
<testsuite ignored="0" hostname="SURYA" failures="0" tests="4" name="Test" time="70.834" errors="0" timestamp="2025-07-30T23:16:49 IST">
  <testcase classname="optmizedCode.CreateContactAndDate" name="test1" time="48.38"/>
  <testcase classname="optmizedCode.CreatecontactAndOrgame" name="createContactWithnameandorg" time="51.49"/>
  <testcase classname="optmizedCode.CreateOrgWithDdtNameAndDropDown" name="DropdownAndOrgNamePhno" time="60.005"/>
  <testcase classname="optmizedCode.CreateOrgWithDdtNameAndPhno" name="test" time="70.765"/>
</testsuite> <!-- Test -->
